ARM GAS  led.s 			page 1


   1              	.global _start
   2              	
   3              	_start:
   4              	   
   5              	    
   6 0000 FEFFFFEB 	   bl main
   7              	
   8              	stop:
   9 0004 FEFFFFEA 	     b stop
ARM GAS  led.s 			page 2


DEFINED SYMBOLS
                            *ABS*:000001ce __GCC_VERSION
                            *ABS*:00000001 __GCC
                            *ABS*:00000208 __UVISION_VERSION
               led.s:3      .text:00000000 _start
               led.s:6      .text:00000000 $a
               led.s:8      .text:00000004 stop
                   .debug_aranges:0000000c $d

UNDEFINED SYMBOLS
main
