ARM GAS  C:\Users\ADMINI~1.MIC\AppData\Local\Temp\ccQ064SW.s 			page 1


   1              		.cpu arm7tdmi
   2              		.fpu softvfp
   3              		.eabi_attribute 20, 1
   4              		.eabi_attribute 21, 1
   5              		.eabi_attribute 23, 3
   6              		.eabi_attribute 24, 1
   7              		.eabi_attribute 25, 1
   8              		.eabi_attribute 26, 1
   9              		.eabi_attribute 30, 1
  10              		.eabi_attribute 18, 4
  11              		.file	"main.c"
  12              		.text
  13              	.Ltext0:
  14              		.cfi_sections	.debug_frame
  15              		.align	2
  16              		.global	led_init
  17              		.type	led_init, %function
  18              	led_init:
  19              	.LFB0:
  20              		.file 1 "main.c"
   1:main.c        **** #define GPX2CON  0x11000C40
   2:main.c        **** #define GPX2DAT  0x11000C44
   3:main.c        **** 
   4:main.c        **** #define REG_READ(addr)        (*(volatile unsigned int*)(addr))
   5:main.c        **** #define REG_WRITE(addr,val)   ((*(volatile unsigned int*)(addr)) = (val)) 
   6:main.c        **** 	
   7:main.c        **** //1.设置寄存器
   8:main.c        **** //2.做读写操作
   9:main.c        **** //一般操作:
  10:main.c        **** //[1].硬件初始化
  11:main.c        **** //[2].硬件的操作(读/写)
  12:main.c        **** //[3].退出操作(操作系统的)
  13:main.c        **** 
  14:main.c        **** void led_init() //初始化 --- 初始化为需要的状态
  15:main.c        **** {
  21              		.loc 1 15 0
  22              		.cfi_startproc
  23              		@ Function supports interworking.
  24              		@ args = 0, pretend = 0, frame = 0
  25              		@ frame_needed = 0, uses_anonymous_args = 0
  26              		@ link register save eliminated.
  16:main.c        **** 	//配置GPX2CON[31:28] = 0x1;
  17:main.c        **** 	int temp = REG_READ( GPX2CON); //(1).读
  27              		.loc 1 17 0
  28 0000 1134A0E3 		mov	r3, #285212672
  29 0004 402C93E5 		ldr	r2, [r3, #3136]
  30              	.LVL0:
  18:main.c        **** 	temp &= ~(0xf<<28);  //(2).修改
  31              		.loc 1 18 0
  32 0008 0F22C2E3 		bic	r2, r2, #-268435456
  33              	.LVL1:
  19:main.c        **** 	temp |= 0x1<<28;
  34              		.loc 1 19 0
  35 000c 012282E3 		orr	r2, r2, #268435456
  36              	.LVL2:
  20:main.c        **** 	REG_WRITE(GPX2CON,temp);//(3).写
  37              		.loc 1 20 0
ARM GAS  C:\Users\ADMINI~1.MIC\AppData\Local\Temp\ccQ064SW.s 			page 2


  38 0010 402C83E5 		str	r2, [r3, #3136]
  21:main.c        **** }	
  39              		.loc 1 21 0
  40 0014 1EFF2FE1 		bx	lr
  41              		.cfi_endproc
  42              	.LFE0:
  43              		.size	led_init, .-led_init
  44              		.align	2
  45              		.global	led_on
  46              		.type	led_on, %function
  47              	led_on:
  48              	.LFB1:
  22:main.c        **** void led_on()
  23:main.c        **** {
  49              		.loc 1 23 0
  50              		.cfi_startproc
  51              		@ Function supports interworking.
  52              		@ args = 0, pretend = 0, frame = 0
  53              		@ frame_needed = 0, uses_anonymous_args = 0
  54              		@ link register save eliminated.
  24:main.c        **** 		 //在GPX2DAT[7]	= 1;
  25:main.c        **** 	int temp = REG_READ( GPX2DAT); //(1).读
  55              		.loc 1 25 0
  56 0018 1134A0E3 		mov	r3, #285212672
  57 001c 442C93E5 		ldr	r2, [r3, #3140]
  58              	.LVL3:
  26:main.c        **** 	temp &= ~(0x1<<7);  //(2).修改
  27:main.c        **** 	temp |= 0x1<<7;
  59              		.loc 1 27 0
  60 0020 802082E3 		orr	r2, r2, #128
  61              	.LVL4:
  28:main.c        **** 	REG_WRITE(GPX2DAT,temp);//(3).写
  62              		.loc 1 28 0
  63 0024 442C83E5 		str	r2, [r3, #3140]
  29:main.c        **** }
  64              		.loc 1 29 0
  65 0028 1EFF2FE1 		bx	lr
  66              		.cfi_endproc
  67              	.LFE1:
  68              		.size	led_on, .-led_on
  69              		.align	2
  70              		.global	led_off
  71              		.type	led_off, %function
  72              	led_off:
  73              	.LFB2:
  30:main.c        **** void led_off()
  31:main.c        **** {	
  74              		.loc 1 31 0
  75              		.cfi_startproc
  76              		@ Function supports interworking.
  77              		@ args = 0, pretend = 0, frame = 0
  78              		@ frame_needed = 0, uses_anonymous_args = 0
  79              		@ link register save eliminated.
  32:main.c        **** 	//在GPX2DAT[7]	= 0;
  33:main.c        **** 	int temp = REG_READ( GPX2DAT); //(1).读
  80              		.loc 1 33 0
  81 002c 1134A0E3 		mov	r3, #285212672
ARM GAS  C:\Users\ADMINI~1.MIC\AppData\Local\Temp\ccQ064SW.s 			page 3


  82 0030 442C93E5 		ldr	r2, [r3, #3140]
  83              	.LVL5:
  34:main.c        **** 	temp &= ~(0x1<<7);  //(2).修改
  84              		.loc 1 34 0
  85 0034 8020C2E3 		bic	r2, r2, #128
  86              	.LVL6:
  35:main.c        **** 	REG_WRITE(GPX2DAT,temp);//(3).写
  87              		.loc 1 35 0
  88 0038 442C83E5 		str	r2, [r3, #3140]
  36:main.c        **** }	
  89              		.loc 1 36 0
  90 003c 1EFF2FE1 		bx	lr
  91              		.cfi_endproc
  92              	.LFE2:
  93              		.size	led_off, .-led_off
  94              		.align	2
  95              		.global	delays
  96              		.type	delays, %function
  97              	delays:
  98              	.LFB3:
  37:main.c        **** 
  38:main.c        **** 
  39:main.c        **** void delays()
  40:main.c        **** {
  99              		.loc 1 40 0
 100              		.cfi_startproc
 101              		@ Function supports interworking.
 102              		@ args = 0, pretend = 0, frame = 0
 103              		@ frame_needed = 0, uses_anonymous_args = 0
 104              		@ link register save eliminated.
 105              	.LVL7:
  41:main.c        **** 	 int i = 1000000;
  42:main.c        **** 	 while(i--);
 106              		.loc 1 42 0
 107 0040 08309FE5 		ldr	r3, .L7
 108              	.LVL8:
 109              	.L5:
 110              		.loc 1 42 0 is_stmt 0 discriminator 1
 111 0044 013053E2 		subs	r3, r3, #1
 112 0048 FDFFFF1A 		bne	.L5
  43:main.c        **** }
 113              		.loc 1 43 0 is_stmt 1
 114 004c 1EFF2FE1 		bx	lr
 115              	.L8:
 116              		.align	2
 117              	.L7:
 118 0050 41420F00 		.word	1000001
 119              		.cfi_endproc
 120              	.LFE3:
 121              		.size	delays, .-delays
 122              		.align	2
 123              		.global	main
 124              		.type	main, %function
 125              	main:
 126              	.LFB4:
  44:main.c        **** 
  45:main.c        **** 
ARM GAS  C:\Users\ADMINI~1.MIC\AppData\Local\Temp\ccQ064SW.s 			page 4


  46:main.c        **** 
  47:main.c        **** 
  48:main.c        **** int main()
  49:main.c        **** {
 127              		.loc 1 49 0
 128              		.cfi_startproc
 129              		@ Function supports interworking.
 130              		@ Volatile: function does not return.
 131              		@ args = 0, pretend = 0, frame = 0
 132              		@ frame_needed = 1, uses_anonymous_args = 0
 133 0054 0DC0A0E1 		mov	ip, sp
 134              	.LCFI0:
 135              		.cfi_def_cfa_register 12
 136 0058 00D82DE9 		stmfd	sp!, {fp, ip, lr, pc}
 137 005c 04B04CE2 		sub	fp, ip, #4
 138              		.cfi_offset 14, -8
 139              		.cfi_offset 13, -12
 140              		.cfi_offset 11, -16
 141              	.LCFI1:
 142              		.cfi_def_cfa 11, 4
 143              	.L10:
  50:main.c        **** 	
  51:main.c        **** 	while(1)
  52:main.c        **** 	{
  53:main.c        **** 		//1.关
  54:main.c        **** 		led_off();
 144              		.loc 1 54 0 discriminator 1
 145 0060 FEFFFFEB 		bl	led_off
  55:main.c        **** 		//2.延时
  56:main.c        **** 		delays();
  57:main.c        **** 		//3.开
  58:main.c        **** 		led_on();
 146              		.loc 1 58 0 discriminator 1
 147 0064 FEFFFFEB 		bl	led_on
 148 0068 FCFFFFEA 		b	.L10
 149              		.cfi_endproc
 150              	.LFE4:
 151              		.size	main, .-main
 152              	.Letext0:
 153              		.section	.debug_info,"",%progbits
 154              	.Ldebug_info0:
 155 0000 DB000000 		.4byte	0xdb
 156 0004 0200     		.2byte	0x2
 157 0006 00000000 		.4byte	.Ldebug_abbrev0
 158 000a 04       		.byte	0x4
 159 000b 01       		.uleb128 0x1
 160 000c 50000000 		.4byte	.LASF5
 161 0010 01       		.byte	0x1
 162 0011 49000000 		.4byte	.LASF6
 163 0015 10000000 		.4byte	.LASF7
 164 0019 00000000 		.4byte	.Ltext0
 165 001d 6C000000 		.4byte	.Letext0
 166 0021 00000000 		.4byte	.Ldebug_line0
 167 0025 02       		.uleb128 0x2
 168 0026 01       		.byte	0x1
 169 0027 07000000 		.4byte	.LASF0
 170 002b 01       		.byte	0x1
ARM GAS  C:\Users\ADMINI~1.MIC\AppData\Local\Temp\ccQ064SW.s 			page 5


 171 002c 0E       		.byte	0xe
 172 002d 00000000 		.4byte	.LFB0
 173 0031 18000000 		.4byte	.LFE0
 174 0035 02       		.byte	0x2
 175 0036 7D       		.byte	0x7d
 176 0037 00       		.sleb128 0
 177 0038 4C000000 		.4byte	0x4c
 178 003c 03       		.uleb128 0x3
 179 003d 61000000 		.4byte	.LASF2
 180 0041 01       		.byte	0x1
 181 0042 11       		.byte	0x11
 182 0043 4C000000 		.4byte	0x4c
 183 0047 00000000 		.4byte	.LLST0
 184 004b 00       		.byte	0
 185 004c 04       		.uleb128 0x4
 186 004d 04       		.byte	0x4
 187 004e 05       		.byte	0x5
 188 004f 696E7400 		.ascii	"int\000"
 189 0053 02       		.uleb128 0x2
 190 0054 01       		.byte	0x1
 191 0055 6E000000 		.4byte	.LASF1
 192 0059 01       		.byte	0x1
 193 005a 16       		.byte	0x16
 194 005b 18000000 		.4byte	.LFB1
 195 005f 2C000000 		.4byte	.LFE1
 196 0063 02       		.byte	0x2
 197 0064 7D       		.byte	0x7d
 198 0065 00       		.sleb128 0
 199 0066 7A000000 		.4byte	0x7a
 200 006a 03       		.uleb128 0x3
 201 006b 61000000 		.4byte	.LASF2
 202 006f 01       		.byte	0x1
 203 0070 19       		.byte	0x19
 204 0071 4C000000 		.4byte	0x4c
 205 0075 31000000 		.4byte	.LLST1
 206 0079 00       		.byte	0
 207 007a 02       		.uleb128 0x2
 208 007b 01       		.byte	0x1
 209 007c 66000000 		.4byte	.LASF3
 210 0080 01       		.byte	0x1
 211 0081 1E       		.byte	0x1e
 212 0082 2C000000 		.4byte	.LFB2
 213 0086 40000000 		.4byte	.LFE2
 214 008a 02       		.byte	0x2
 215 008b 7D       		.byte	0x7d
 216 008c 00       		.sleb128 0
 217 008d A1000000 		.4byte	0xa1
 218 0091 03       		.uleb128 0x3
 219 0092 61000000 		.4byte	.LASF2
 220 0096 01       		.byte	0x1
 221 0097 21       		.byte	0x21
 222 0098 4C000000 		.4byte	0x4c
 223 009c 54000000 		.4byte	.LLST2
 224 00a0 00       		.byte	0
 225 00a1 02       		.uleb128 0x2
 226 00a2 01       		.byte	0x1
 227 00a3 00000000 		.4byte	.LASF4
ARM GAS  C:\Users\ADMINI~1.MIC\AppData\Local\Temp\ccQ064SW.s 			page 6


 228 00a7 01       		.byte	0x1
 229 00a8 27       		.byte	0x27
 230 00a9 40000000 		.4byte	.LFB3
 231 00ad 54000000 		.4byte	.LFE3
 232 00b1 02       		.byte	0x2
 233 00b2 7D       		.byte	0x7d
 234 00b3 00       		.sleb128 0
 235 00b4 C6000000 		.4byte	0xc6
 236 00b8 05       		.uleb128 0x5
 237 00b9 6900     		.ascii	"i\000"
 238 00bb 01       		.byte	0x1
 239 00bc 29       		.byte	0x29
 240 00bd 4C000000 		.4byte	0x4c
 241 00c1 78000000 		.4byte	.LLST3
 242 00c5 00       		.byte	0
 243 00c6 06       		.uleb128 0x6
 244 00c7 01       		.byte	0x1
 245 00c8 5C000000 		.4byte	.LASF8
 246 00cc 01       		.byte	0x1
 247 00cd 30       		.byte	0x30
 248 00ce 4C000000 		.4byte	0x4c
 249 00d2 54000000 		.4byte	.LFB4
 250 00d6 6C000000 		.4byte	.LFE4
 251 00da 90000000 		.4byte	.LLST4
 252 00de 00       		.byte	0
 253              		.section	.debug_abbrev,"",%progbits
 254              	.Ldebug_abbrev0:
 255 0000 01       		.uleb128 0x1
 256 0001 11       		.uleb128 0x11
 257 0002 01       		.byte	0x1
 258 0003 25       		.uleb128 0x25
 259 0004 0E       		.uleb128 0xe
 260 0005 13       		.uleb128 0x13
 261 0006 0B       		.uleb128 0xb
 262 0007 03       		.uleb128 0x3
 263 0008 0E       		.uleb128 0xe
 264 0009 1B       		.uleb128 0x1b
 265 000a 0E       		.uleb128 0xe
 266 000b 11       		.uleb128 0x11
 267 000c 01       		.uleb128 0x1
 268 000d 12       		.uleb128 0x12
 269 000e 01       		.uleb128 0x1
 270 000f 10       		.uleb128 0x10
 271 0010 06       		.uleb128 0x6
 272 0011 00       		.byte	0
 273 0012 00       		.byte	0
 274 0013 02       		.uleb128 0x2
 275 0014 2E       		.uleb128 0x2e
 276 0015 01       		.byte	0x1
 277 0016 3F       		.uleb128 0x3f
 278 0017 0C       		.uleb128 0xc
 279 0018 03       		.uleb128 0x3
 280 0019 0E       		.uleb128 0xe
 281 001a 3A       		.uleb128 0x3a
 282 001b 0B       		.uleb128 0xb
 283 001c 3B       		.uleb128 0x3b
 284 001d 0B       		.uleb128 0xb
ARM GAS  C:\Users\ADMINI~1.MIC\AppData\Local\Temp\ccQ064SW.s 			page 7


 285 001e 11       		.uleb128 0x11
 286 001f 01       		.uleb128 0x1
 287 0020 12       		.uleb128 0x12
 288 0021 01       		.uleb128 0x1
 289 0022 40       		.uleb128 0x40
 290 0023 0A       		.uleb128 0xa
 291 0024 01       		.uleb128 0x1
 292 0025 13       		.uleb128 0x13
 293 0026 00       		.byte	0
 294 0027 00       		.byte	0
 295 0028 03       		.uleb128 0x3
 296 0029 34       		.uleb128 0x34
 297 002a 00       		.byte	0
 298 002b 03       		.uleb128 0x3
 299 002c 0E       		.uleb128 0xe
 300 002d 3A       		.uleb128 0x3a
 301 002e 0B       		.uleb128 0xb
 302 002f 3B       		.uleb128 0x3b
 303 0030 0B       		.uleb128 0xb
 304 0031 49       		.uleb128 0x49
 305 0032 13       		.uleb128 0x13
 306 0033 02       		.uleb128 0x2
 307 0034 06       		.uleb128 0x6
 308 0035 00       		.byte	0
 309 0036 00       		.byte	0
 310 0037 04       		.uleb128 0x4
 311 0038 24       		.uleb128 0x24
 312 0039 00       		.byte	0
 313 003a 0B       		.uleb128 0xb
 314 003b 0B       		.uleb128 0xb
 315 003c 3E       		.uleb128 0x3e
 316 003d 0B       		.uleb128 0xb
 317 003e 03       		.uleb128 0x3
 318 003f 08       		.uleb128 0x8
 319 0040 00       		.byte	0
 320 0041 00       		.byte	0
 321 0042 05       		.uleb128 0x5
 322 0043 34       		.uleb128 0x34
 323 0044 00       		.byte	0
 324 0045 03       		.uleb128 0x3
 325 0046 08       		.uleb128 0x8
 326 0047 3A       		.uleb128 0x3a
 327 0048 0B       		.uleb128 0xb
 328 0049 3B       		.uleb128 0x3b
 329 004a 0B       		.uleb128 0xb
 330 004b 49       		.uleb128 0x49
 331 004c 13       		.uleb128 0x13
 332 004d 02       		.uleb128 0x2
 333 004e 06       		.uleb128 0x6
 334 004f 00       		.byte	0
 335 0050 00       		.byte	0
 336 0051 06       		.uleb128 0x6
 337 0052 2E       		.uleb128 0x2e
 338 0053 00       		.byte	0
 339 0054 3F       		.uleb128 0x3f
 340 0055 0C       		.uleb128 0xc
 341 0056 03       		.uleb128 0x3
ARM GAS  C:\Users\ADMINI~1.MIC\AppData\Local\Temp\ccQ064SW.s 			page 8


 342 0057 0E       		.uleb128 0xe
 343 0058 3A       		.uleb128 0x3a
 344 0059 0B       		.uleb128 0xb
 345 005a 3B       		.uleb128 0x3b
 346 005b 0B       		.uleb128 0xb
 347 005c 49       		.uleb128 0x49
 348 005d 13       		.uleb128 0x13
 349 005e 11       		.uleb128 0x11
 350 005f 01       		.uleb128 0x1
 351 0060 12       		.uleb128 0x12
 352 0061 01       		.uleb128 0x1
 353 0062 40       		.uleb128 0x40
 354 0063 06       		.uleb128 0x6
 355 0064 00       		.byte	0
 356 0065 00       		.byte	0
 357 0066 00       		.byte	0
 358              		.section	.debug_loc,"",%progbits
 359              	.Ldebug_loc0:
 360              	.LLST0:
 361 0000 08000000 		.4byte	.LVL0-.Ltext0
 362 0004 0C000000 		.4byte	.LVL1-.Ltext0
 363 0008 0100     		.2byte	0x1
 364 000a 52       		.byte	0x52
 365 000b 0C000000 		.4byte	.LVL1-.Ltext0
 366 000f 10000000 		.4byte	.LVL2-.Ltext0
 367 0013 0900     		.2byte	0x9
 368 0015 72       		.byte	0x72
 369 0016 00       		.sleb128 0
 370 0017 0C       		.byte	0xc
 371 0018 00000010 		.4byte	0x10000000
 372 001c 21       		.byte	0x21
 373 001d 9F       		.byte	0x9f
 374 001e 10000000 		.4byte	.LVL2-.Ltext0
 375 0022 18000000 		.4byte	.LFE0-.Ltext0
 376 0026 0100     		.2byte	0x1
 377 0028 52       		.byte	0x52
 378 0029 00000000 		.4byte	0
 379 002d 00000000 		.4byte	0
 380              	.LLST1:
 381 0031 20000000 		.4byte	.LVL3-.Ltext0
 382 0035 24000000 		.4byte	.LVL4-.Ltext0
 383 0039 0600     		.2byte	0x6
 384 003b 72       		.byte	0x72
 385 003c 00       		.sleb128 0
 386 003d 08       		.byte	0x8
 387 003e 80       		.byte	0x80
 388 003f 21       		.byte	0x21
 389 0040 9F       		.byte	0x9f
 390 0041 24000000 		.4byte	.LVL4-.Ltext0
 391 0045 2C000000 		.4byte	.LFE1-.Ltext0
 392 0049 0100     		.2byte	0x1
 393 004b 52       		.byte	0x52
 394 004c 00000000 		.4byte	0
 395 0050 00000000 		.4byte	0
 396              	.LLST2:
 397 0054 34000000 		.4byte	.LVL5-.Ltext0
 398 0058 38000000 		.4byte	.LVL6-.Ltext0
ARM GAS  C:\Users\ADMINI~1.MIC\AppData\Local\Temp\ccQ064SW.s 			page 9


 399 005c 0700     		.2byte	0x7
 400 005e 72       		.byte	0x72
 401 005f 00       		.sleb128 0
 402 0060 0B       		.byte	0xb
 403 0061 7FFF     		.2byte	0xff7f
 404 0063 1A       		.byte	0x1a
 405 0064 9F       		.byte	0x9f
 406 0065 38000000 		.4byte	.LVL6-.Ltext0
 407 0069 40000000 		.4byte	.LFE2-.Ltext0
 408 006d 0100     		.2byte	0x1
 409 006f 52       		.byte	0x52
 410 0070 00000000 		.4byte	0
 411 0074 00000000 		.4byte	0
 412              	.LLST3:
 413 0078 40000000 		.4byte	.LVL7-.Ltext0
 414 007c 44000000 		.4byte	.LVL8-.Ltext0
 415 0080 0600     		.2byte	0x6
 416 0082 0C       		.byte	0xc
 417 0083 40420F00 		.4byte	0xf4240
 418 0087 9F       		.byte	0x9f
 419 0088 00000000 		.4byte	0
 420 008c 00000000 		.4byte	0
 421              	.LLST4:
 422 0090 54000000 		.4byte	.LFB4-.Ltext0
 423 0094 58000000 		.4byte	.LCFI0-.Ltext0
 424 0098 0200     		.2byte	0x2
 425 009a 7D       		.byte	0x7d
 426 009b 00       		.sleb128 0
 427 009c 58000000 		.4byte	.LCFI0-.Ltext0
 428 00a0 60000000 		.4byte	.LCFI1-.Ltext0
 429 00a4 0200     		.2byte	0x2
 430 00a6 7C       		.byte	0x7c
 431 00a7 00       		.sleb128 0
 432 00a8 60000000 		.4byte	.LCFI1-.Ltext0
 433 00ac 6C000000 		.4byte	.LFE4-.Ltext0
 434 00b0 0200     		.2byte	0x2
 435 00b2 7B       		.byte	0x7b
 436 00b3 04       		.sleb128 4
 437 00b4 00000000 		.4byte	0
 438 00b8 00000000 		.4byte	0
 439              		.section	.debug_aranges,"",%progbits
 440 0000 1C000000 		.4byte	0x1c
 441 0004 0200     		.2byte	0x2
 442 0006 00000000 		.4byte	.Ldebug_info0
 443 000a 04       		.byte	0x4
 444 000b 00       		.byte	0
 445 000c 0000     		.2byte	0
 446 000e 0000     		.2byte	0
 447 0010 00000000 		.4byte	.Ltext0
 448 0014 6C000000 		.4byte	.Letext0-.Ltext0
 449 0018 00000000 		.4byte	0
 450 001c 00000000 		.4byte	0
 451              		.section	.debug_line,"",%progbits
 452              	.Ldebug_line0:
 453 0000 56000000 		.section	.debug_str,"MS",%progbits,1
 453      02001D00 
 453      00000201 
ARM GAS  C:\Users\ADMINI~1.MIC\AppData\Local\Temp\ccQ064SW.s 			page 10


 453      FB0E0D00 
 453      01010101 
 454              	.LASF4:
 455 0000 64656C61 		.ascii	"delays\000"
 455      797300
 456              	.LASF0:
 457 0007 6C65645F 		.ascii	"led_init\000"
 457      696E6974 
 457      00
 458              	.LASF7:
 459 0010 473A5C57 		.ascii	"G:\\Win10SystemOptimization\\17021-ARM\\23-\323\262"
 459      696E3130 
 459      53797374 
 459      656D4F70 
 459      74696D69 
 460 003a BCFEB2D9 		.ascii	"\274\376\262\331\327\367\\led - C\000"
 460      D7F75C6C 
 460      6564202D 
 460      204300
 461              	.LASF6:
 462 0049 6D61696E 		.ascii	"main.c\000"
 462      2E6300
 463              	.LASF5:
 464 0050 474E5520 		.ascii	"GNU C 4.6.2\000"
 464      4320342E 
 464      362E3200 
 465              	.LASF8:
 466 005c 6D61696E 		.ascii	"main\000"
 466      00
 467              	.LASF2:
 468 0061 74656D70 		.ascii	"temp\000"
 468      00
 469              	.LASF3:
 470 0066 6C65645F 		.ascii	"led_off\000"
 470      6F666600 
 471              	.LASF1:
 472 006e 6C65645F 		.ascii	"led_on\000"
 472      6F6E00
 473              		.ident	"GCC: (GNU) 4.6.2"
ARM GAS  C:\Users\ADMINI~1.MIC\AppData\Local\Temp\ccQ064SW.s 			page 11


DEFINED SYMBOLS
                            *ABS*:00000000 main.c
C:\Users\ADMINI~1.MIC\AppData\Local\Temp\ccQ064SW.s:15     .text:00000000 $a
C:\Users\ADMINI~1.MIC\AppData\Local\Temp\ccQ064SW.s:18     .text:00000000 led_init
C:\Users\ADMINI~1.MIC\AppData\Local\Temp\ccQ064SW.s:47     .text:00000018 led_on
C:\Users\ADMINI~1.MIC\AppData\Local\Temp\ccQ064SW.s:72     .text:0000002c led_off
C:\Users\ADMINI~1.MIC\AppData\Local\Temp\ccQ064SW.s:97     .text:00000040 delays
C:\Users\ADMINI~1.MIC\AppData\Local\Temp\ccQ064SW.s:118    .text:00000050 $d
C:\Users\ADMINI~1.MIC\AppData\Local\Temp\ccQ064SW.s:122    .text:00000054 $a
C:\Users\ADMINI~1.MIC\AppData\Local\Temp\ccQ064SW.s:125    .text:00000054 main
                     .debug_frame:00000010 $d

NO UNDEFINED SYMBOLS
