ARM GAS  C:\Users\ADMINI~1.MIC\AppData\Local\Temp\ccNhmd0o.s 			page 1


   1              		.cpu arm7tdmi
   2              		.fpu softvfp
   3              		.eabi_attribute 20, 1
   4              		.eabi_attribute 21, 1
   5              		.eabi_attribute 23, 3
   6              		.eabi_attribute 24, 1
   7              		.eabi_attribute 25, 1
   8              		.eabi_attribute 26, 1
   9              		.eabi_attribute 30, 1
  10              		.eabi_attribute 18, 4
  11              		.file	"main1.c"
  12              		.text
  13              	.Ltext0:
  14              		.cfi_sections	.debug_frame
  15              		.align	2
  16              		.global	led_init
  17              		.type	led_init, %function
  18              	led_init:
  19              	.LFB0:
  20              		.file 1 "main1.c"
   1:main1.c       **** #define    GPX2CON  0x11000C40
   2:main1.c       **** #define    GPX2DAT  0x11000C44
   3:main1.c       **** #define    GPX1CON  0x11000C20
   4:main1.c       **** #define    GPX1PUD  0x11000c28
   5:main1.c       **** #define    GPX1DAT  0x11000C24
   6:main1.c       **** 
   7:main1.c       **** //---------GPIO-----------------------
   8:main1.c       **** //(1). muxed  ---选择为中断功能
   9:main1.c       **** #define GPX1CON    0x11000C20
  10:main1.c       **** //(2).引脚关于中断的配置
  11:main1.c       **** // falling
  12:main1.c       **** #define EXT_INT41_CON  0x11000E04
  13:main1.c       **** //(3).使能中断
  14:main1.c       **** #define  EXT_INT41_MASK 0x11000F04
  15:main1.c       **** //(4).清除中断时用   写"1"表示清除
  16:main1.c       **** #define   EXT_INT41_PEND  0x11000F44
  17:main1.c       **** //----------GIC-----------------------
  18:main1.c       **** //(1).enable for distributor      //
  19:main1.c       **** #define   ICDISER1_CPU 0x10490104 //??? 需要关注
  20:main1.c       **** #define   ICDDCR       0x10490000
  21:main1.c       **** //(2).target cpu0	    
  22:main1.c       **** #define   ICDIPTR14    0x10490838   
  23:main1.c       **** //(3).mask priority ----0xff 最低优先级的值
  24:main1.c       **** #define   ICCPMR_CPU0  0x10480004
  25:main1.c       **** //(4).enable for cpu0 interfacex
  26:main1.c       **** #define   ICCICR_CPU0  0x10480000	  
  27:main1.c       **** //(5).no secure
  28:main1.c       **** #define   ICDISR1_CPU0 0x10490084
  29:main1.c       **** //(6).清除操作
  30:main1.c       **** #define	  ICDICPR1_CPU0 0x10490284
  31:main1.c       **** #define	  ICCEOIR       0x10480010
  32:main1.c       **** #define   ICCIAR_CPU0   0x1048000c 
  33:main1.c       **** 
  34:main1.c       **** //对于硬件的操作，寄存器操作
  35:main1.c       **** //读
  36:main1.c       **** #define REG_READ(addr) (*((volatile unsigned int * )addr))
  37:main1.c       **** //写
ARM GAS  C:\Users\ADMINI~1.MIC\AppData\Local\Temp\ccNhmd0o.s 			page 2


  38:main1.c       **** #define REG_WRITE(addr,val)  ((*((volatile unsigned int * )addr)) = val)
  39:main1.c       **** 
  40:main1.c       **** int flag = 0; //灭
  41:main1.c       **** 
  42:main1.c       **** //---------------------------------led control start -------------------------------------------
  43:main1.c       **** //(1).初始化
  44:main1.c       **** void led_init()
  45:main1.c       **** {
  21              		.loc 1 45 0
  22              		.cfi_startproc
  23              		@ Function supports interworking.
  24              		@ args = 0, pretend = 0, frame = 0
  25              		@ frame_needed = 0, uses_anonymous_args = 0
  26              		@ link register save eliminated.
  46:main1.c       ****    unsigned int temp = REG_READ(GPX2CON); 
  27              		.loc 1 46 0
  28 0000 1134A0E3 		mov	r3, #285212672
  29 0004 402C93E5 		ldr	r2, [r3, #3136]
  30              	.LVL0:
  47:main1.c       ****    temp = (~(0xf<<28))&temp;
  31              		.loc 1 47 0
  32 0008 0F22C2E3 		bic	r2, r2, #-268435456
  33              	.LVL1:
  48:main1.c       ****    temp = (0x1 << 28)|temp;
  34              		.loc 1 48 0
  35 000c 012282E3 		orr	r2, r2, #268435456
  36              	.LVL2:
  49:main1.c       ****    REG_WRITE(GPX2CON,temp);
  37              		.loc 1 49 0
  38 0010 402C83E5 		str	r2, [r3, #3136]
  50:main1.c       **** 
  51:main1.c       **** }
  39              		.loc 1 51 0
  40 0014 1EFF2FE1 		bx	lr
  41              		.cfi_endproc
  42              	.LFE0:
  43              		.size	led_init, .-led_init
  44              		.align	2
  45              		.global	led_on
  46              		.type	led_on, %function
  47              	led_on:
  48              	.LFB1:
  52:main1.c       **** //(2).开灯
  53:main1.c       **** void led_on()
  54:main1.c       **** {
  49              		.loc 1 54 0
  50              		.cfi_startproc
  51              		@ Function supports interworking.
  52              		@ args = 0, pretend = 0, frame = 0
  53              		@ frame_needed = 0, uses_anonymous_args = 0
  54              		@ link register save eliminated.
  55:main1.c       ****    unsigned int temp = REG_READ(GPX2DAT); 
  55              		.loc 1 55 0
  56 0018 1134A0E3 		mov	r3, #285212672
  57 001c 442C93E5 		ldr	r2, [r3, #3140]
  58              	.LVL3:
  56:main1.c       ****    temp = (~(0x1<<7))&temp;
ARM GAS  C:\Users\ADMINI~1.MIC\AppData\Local\Temp\ccNhmd0o.s 			page 3


  57:main1.c       ****    temp = (0x1 << 7)|temp;
  59              		.loc 1 57 0
  60 0020 802082E3 		orr	r2, r2, #128
  61              	.LVL4:
  58:main1.c       ****    REG_WRITE(GPX2DAT,temp);
  62              		.loc 1 58 0
  63 0024 442C83E5 		str	r2, [r3, #3140]
  59:main1.c       **** }
  64              		.loc 1 59 0
  65 0028 1EFF2FE1 		bx	lr
  66              		.cfi_endproc
  67              	.LFE1:
  68              		.size	led_on, .-led_on
  69              		.align	2
  70              		.global	led_off
  71              		.type	led_off, %function
  72              	led_off:
  73              	.LFB2:
  60:main1.c       **** //(3).关灯
  61:main1.c       **** void led_off()
  62:main1.c       **** {
  74              		.loc 1 62 0
  75              		.cfi_startproc
  76              		@ Function supports interworking.
  77              		@ args = 0, pretend = 0, frame = 0
  78              		@ frame_needed = 0, uses_anonymous_args = 0
  79              		@ link register save eliminated.
  63:main1.c       ****    unsigned int temp = REG_READ(GPX2DAT); 
  80              		.loc 1 63 0
  81 002c 1134A0E3 		mov	r3, #285212672
  82 0030 442C93E5 		ldr	r2, [r3, #3140]
  83              	.LVL5:
  64:main1.c       ****    temp = (~(0x1<<7))&temp;
  84              		.loc 1 64 0
  85 0034 8020C2E3 		bic	r2, r2, #128
  86              	.LVL6:
  65:main1.c       ****    temp = (0x0 << 7)|temp;
  66:main1.c       ****    REG_WRITE(GPX2DAT,temp);
  87              		.loc 1 66 0
  88 0038 442C83E5 		str	r2, [r3, #3140]
  67:main1.c       **** }
  89              		.loc 1 67 0
  90 003c 1EFF2FE1 		bx	lr
  91              		.cfi_endproc
  92              	.LFE2:
  93              		.size	led_off, .-led_off
  94              		.align	2
  95              		.global	key_init
  96              		.type	key_init, %function
  97              	key_init:
  98              	.LFB3:
  68:main1.c       **** //---------------------------------led control end -------------------------------------------
  69:main1.c       **** void key_init()
  70:main1.c       **** {
  99              		.loc 1 70 0
 100              		.cfi_startproc
 101              		@ Function supports interworking.
ARM GAS  C:\Users\ADMINI~1.MIC\AppData\Local\Temp\ccNhmd0o.s 			page 4


 102              		@ args = 0, pretend = 0, frame = 0
 103              		@ frame_needed = 0, uses_anonymous_args = 0
 104              		@ link register save eliminated.
  71:main1.c       ****    unsigned int temp = REG_READ(GPX1CON); 
 105              		.loc 1 71 0
 106 0040 1134A0E3 		mov	r3, #285212672
 107 0044 202C93E5 		ldr	r2, [r3, #3104]
 108              	.LVL7:
  72:main1.c       ****    temp = (~(0xf<<4))&temp; //清零	---0x0 --- input模式
 109              		.loc 1 72 0
 110 0048 F020C2E3 		bic	r2, r2, #240
 111              	.LVL8:
  73:main1.c       ****    //temp = (0x0 << 4)&temp;
  74:main1.c       ****    REG_WRITE(GPX1CON,temp);
 112              		.loc 1 74 0
 113 004c 202C83E5 		str	r2, [r3, #3104]
  75:main1.c       **** 
  76:main1.c       **** }
 114              		.loc 1 76 0
 115 0050 1EFF2FE1 		bx	lr
 116              		.cfi_endproc
 117              	.LFE3:
 118              		.size	key_init, .-key_init
 119              		.align	2
 120              		.global	key_check
 121              		.type	key_check, %function
 122              	key_check:
 123              	.LFB4:
  77:main1.c       **** int key_check()
  78:main1.c       **** {
 124              		.loc 1 78 0
 125              		.cfi_startproc
 126              		@ Function supports interworking.
 127              		@ args = 0, pretend = 0, frame = 0
 128              		@ frame_needed = 0, uses_anonymous_args = 0
 129              		@ link register save eliminated.
  79:main1.c       ****      int ret = REG_READ(GPX1DAT);
 130              		.loc 1 79 0
 131 0054 1134A0E3 		mov	r3, #285212672
 132 0058 243C93E5 		ldr	r3, [r3, #3108]
 133              	.LVL9:
  80:main1.c       **** 
  81:main1.c       **** 	 //GPX1DAT[1] == 1 表示没有按下
  82:main1.c       **** 	 if((ret & 0x2) == 0)
  83:main1.c       **** 	 {
  84:main1.c       **** 	   return 1; //按下
 134              		.loc 1 84 0
 135 005c 020013E3 		tst	r3, #2
  85:main1.c       **** 	 }else 
  86:main1.c       **** 	 {
  87:main1.c       **** 	    return 0; //表示没有按下
  88:main1.c       **** 	 }
  89:main1.c       **** 	 //GPX1DAT[1] == 0 表示按下 
  90:main1.c       **** }
 136              		.loc 1 90 0
 137 0060 0000A013 		movne	r0, #0
 138 0064 0100A003 		moveq	r0, #1
ARM GAS  C:\Users\ADMINI~1.MIC\AppData\Local\Temp\ccNhmd0o.s 			page 5


 139 0068 1EFF2FE1 		bx	lr
 140              		.cfi_endproc
 141              	.LFE4:
 142              		.size	key_check, .-key_check
 143              		.align	2
 144              		.global	delays
 145              		.type	delays, %function
 146              	delays:
 147              	.LFB5:
  91:main1.c       **** 
  92:main1.c       **** int delays()
  93:main1.c       **** {
 148              		.loc 1 93 0
 149              		.cfi_startproc
 150              		@ Function supports interworking.
 151              		@ args = 0, pretend = 0, frame = 0
 152              		@ frame_needed = 0, uses_anonymous_args = 0
 153              		@ link register save eliminated.
 154              	.LVL10:
 155              		.loc 1 93 0
 156 006c 0C309FE5 		ldr	r3, .L9
 157              	.LVL11:
 158              	.L7:
  94:main1.c       ****    //int i = ;
  95:main1.c       ****    int y = 10000000;
  96:main1.c       ****    for(; y > 0; y--)
 159              		.loc 1 96 0 discriminator 2
 160 0070 013053E2 		subs	r3, r3, #1
 161 0074 FDFFFF1A 		bne	.L7
  97:main1.c       ****        ;
  98:main1.c       **** 	   
  99:main1.c       ****    return 0;
 100:main1.c       **** }
 162              		.loc 1 100 0
 163 0078 0000A0E3 		mov	r0, #0
 164 007c 1EFF2FE1 		bx	lr
 165              	.L10:
 166              		.align	2
 167              	.L9:
 168 0080 80969800 		.word	10000000
 169              		.cfi_endproc
 170              	.LFE5:
 171              		.size	delays, .-delays
 172              		.align	2
 173              		.global	interupt_init
 174              		.type	interupt_init, %function
 175              	interupt_init:
 176              	.LFB6:
 101:main1.c       **** void interupt_init()
 102:main1.c       **** {
 177              		.loc 1 102 0
 178              		.cfi_startproc
 179              		@ Function supports interworking.
 180              		@ args = 0, pretend = 0, frame = 0
 181              		@ frame_needed = 0, uses_anonymous_args = 0
 182              		@ link register save eliminated.
 103:main1.c       ****      //(1).gpio 配置---------------------------------------------
ARM GAS  C:\Users\ADMINI~1.MIC\AppData\Local\Temp\ccNhmd0o.s 			page 6


 104:main1.c       **** 			//(1). muxed  ---选择为中断功能 
 105:main1.c       **** 			REG_WRITE(GPX1CON,(REG_READ(GPX1CON)&(~(0xf<<4)))|(0xf<<4)); 
 183              		.loc 1 105 0
 184 0084 1134A0E3 		mov	r3, #285212672
 185 0088 202C93E5 		ldr	r2, [r3, #3104]
 186 008c F02082E3 		orr	r2, r2, #240
 187 0090 202C83E5 		str	r2, [r3, #3104]
 106:main1.c       **** 			REG_WRITE(GPX1PUD,(REG_READ(GPX1PUD)&(~(0x3<<2)))); 
 188              		.loc 1 106 0
 189 0094 282C93E5 		ldr	r2, [r3, #3112]
 190 0098 0C20C2E3 		bic	r2, r2, #12
 191 009c 282C83E5 		str	r2, [r3, #3112]
 107:main1.c       **** 			//(2).引脚关于中断的配置
 108:main1.c       **** 			REG_WRITE(EXT_INT41_CON,(REG_READ(EXT_INT41_CON)&(~(0x7<<4)))|(0x2<<4)); 
 192              		.loc 1 108 0
 193 00a0 042E93E5 		ldr	r2, [r3, #3588]
 194 00a4 7020C2E3 		bic	r2, r2, #112
 195 00a8 202082E3 		orr	r2, r2, #32
 196 00ac 042E83E5 		str	r2, [r3, #3588]
 109:main1.c       **** 			//(3)使能中断 
 110:main1.c       **** 			REG_WRITE(EXT_INT41_MASK,(REG_READ(EXT_INT41_MASK)&(~(0x1<<1))));
 197              		.loc 1 110 0
 198 00b0 042F93E5 		ldr	r2, [r3, #3844]
 199 00b4 0220C2E3 		bic	r2, r2, #2
 200 00b8 042F83E5 		str	r2, [r3, #3844]
 111:main1.c       **** 	 //(2).GIC  配置 ---------------------------------------------
 112:main1.c       **** 			//(1).enable for distributor   
 113:main1.c       **** 			REG_WRITE(ICDDCR,REG_READ(ICDDCR) |0x1);
 201              		.loc 1 113 0
 202 00bc B73843E2 		sub	r3, r3, #11993088
 203 00c0 002093E5 		ldr	r2, [r3, #0]
 204 00c4 012082E3 		orr	r2, r2, #1
 205 00c8 002083E5 		str	r2, [r3, #0]
 114:main1.c       **** 			REG_WRITE(ICDISER1_CPU,(REG_READ(ICDISER1_CPU)&(~(0x1<<25))) | (0x1<<25));  
 206              		.loc 1 114 0
 207 00cc 042193E5 		ldr	r2, [r3, #260]
 208 00d0 022482E3 		orr	r2, r2, #33554432
 209 00d4 042183E5 		str	r2, [r3, #260]
 115:main1.c       **** 			//(2).target cpu0
 116:main1.c       **** 			REG_WRITE(ICDIPTR14,(REG_READ(ICDIPTR14)&(~(0xFF<<8))) | (0x1<<8)); 
 210              		.loc 1 116 0
 211 00d8 382893E5 		ldr	r2, [r3, #2104]
 212 00dc FF2CC2E3 		bic	r2, r2, #65280
 213 00e0 012C82E3 		orr	r2, r2, #256
 214 00e4 382883E5 		str	r2, [r3, #2104]
 117:main1.c       **** 			//(4).enable for cpu0 interface
 118:main1.c       **** 			REG_WRITE( ICCICR_CPU0,REG_READ( ICCICR_CPU0) |0x1);
 215              		.loc 1 118 0
 216 00e8 24209FE5 		ldr	r2, .L12
 217 00ec 001092E5 		ldr	r1, [r2, #0]
 218 00f0 011081E3 		orr	r1, r1, #1
 219 00f4 001082E5 		str	r1, [r2, #0]
 119:main1.c       ****     	//(3).mask priority ----0xff 最低优先级的值 
 120:main1.c       **** 			REG_WRITE(ICCPMR_CPU0,(REG_READ(ICCPMR_CPU0)&(~(0xFF))) | 0xff);
 220              		.loc 1 120 0
 221 00f8 041092E5 		ldr	r1, [r2, #4]
 222 00fc FF1081E3 		orr	r1, r1, #255
ARM GAS  C:\Users\ADMINI~1.MIC\AppData\Local\Temp\ccNhmd0o.s 			page 7


 223 0100 041082E5 		str	r1, [r2, #4]
 121:main1.c       **** 		
 122:main1.c       **** 			//(5). no secure
 123:main1.c       **** 			REG_WRITE(ICDISR1_CPU0,(REG_READ(ICDISR1_CPU0)&(~(0x1<<25))) | (0x1<<25)); 
 224              		.loc 1 123 0
 225 0104 842093E5 		ldr	r2, [r3, #132]
 226 0108 022482E3 		orr	r2, r2, #33554432
 227 010c 842083E5 		str	r2, [r3, #132]
 124:main1.c       **** 	}
 228              		.loc 1 124 0
 229 0110 1EFF2FE1 		bx	lr
 230              	.L13:
 231              		.align	2
 232              	.L12:
 233 0114 00004810 		.word	273154048
 234              		.cfi_endproc
 235              	.LFE6:
 236              		.size	interupt_init, .-interupt_init
 237              		.align	2
 238              		.global	main
 239              		.type	main, %function
 240              	main:
 241              	.LFB7:
 125:main1.c       **** 
 126:main1.c       **** int main()
 127:main1.c       **** { 
 242              		.loc 1 127 0
 243              		.cfi_startproc
 244              		@ Function supports interworking.
 245              		@ Volatile: function does not return.
 246              		@ args = 0, pretend = 0, frame = 0
 247              		@ frame_needed = 1, uses_anonymous_args = 0
 248 0118 0DC0A0E1 		mov	ip, sp
 249              	.LCFI0:
 250              		.cfi_def_cfa_register 12
 251 011c 00D82DE9 		stmfd	sp!, {fp, ip, lr, pc}
 252 0120 04B04CE2 		sub	fp, ip, #4
 253              		.cfi_offset 14, -8
 254              		.cfi_offset 13, -12
 255              		.cfi_offset 11, -16
 256              	.LCFI1:
 257              		.cfi_def_cfa 11, 4
 128:main1.c       **** 
 129:main1.c       ****    //【1】.硬件的初始化
 130:main1.c       ****    //      1.初始化 对应的GPIO口
 131:main1.c       ****     led_init();
 258              		.loc 1 131 0
 259 0124 FEFFFFEB 		bl	led_init
 132:main1.c       ****   	key_init();
 260              		.loc 1 132 0
 261 0128 FEFFFFEB 		bl	key_init
 133:main1.c       ****   	interupt_init();//中断初始化
 262              		.loc 1 133 0
 263 012c FEFFFFEB 		bl	interupt_init
 134:main1.c       ****     led_off();//灭
 264              		.loc 1 134 0
 265 0130 FEFFFFEB 		bl	led_off
ARM GAS  C:\Users\ADMINI~1.MIC\AppData\Local\Temp\ccNhmd0o.s 			page 8


 266              	.L15:
 135:main1.c       **** 	
 136:main1.c       **** 		while(1)
 137:main1.c       **** 		{
 138:main1.c       **** 				led_on(); //亮
 267              		.loc 1 138 0 discriminator 1
 268 0134 FEFFFFEB 		bl	led_on
 139:main1.c       **** 				delays();
 140:main1.c       **** 				led_off(); //亮
 269              		.loc 1 140 0 discriminator 1
 270 0138 FEFFFFEB 		bl	led_off
 271 013c FCFFFFEA 		b	.L15
 272              		.cfi_endproc
 273              	.LFE7:
 274              		.size	main, .-main
 275              		.align	2
 276              		.global	do_irq
 277              		.type	do_irq, %function
 278              	do_irq:
 279              	.LFB8:
 141:main1.c       **** 				delays();
 142:main1.c       **** 		}
 143:main1.c       ****    return 0;
 144:main1.c       **** }
 145:main1.c       **** 
 146:main1.c       **** 
 147:main1.c       **** //void do_irq(void)
 148:main1.c       **** 
 149:main1.c       **** //处理中断
 150:main1.c       **** void do_irq(void)
 151:main1.c       **** {
 280              		.loc 1 151 0
 281              		.cfi_startproc
 282              		@ Function supports interworking.
 283              		@ args = 0, pretend = 0, frame = 0
 284              		@ frame_needed = 0, uses_anonymous_args = 0
 285              		@ link register save eliminated.
 286              	.LVL12:
 152:main1.c       ****   //1.获取中断号
 153:main1.c       ****   unsigned int temp = 0;
 154:main1.c       **** 	int irq_num = REG_READ(ICCIAR_CPU0)&0x3ff; // 0b11 1111 1111 
 287              		.loc 1 154 0
 288 0140 94309FE5 		ldr	r3, .L21
 289 0144 0C2093E5 		ldr	r2, [r3, #12]
 290 0148 022BA0E1 		mov	r2, r2, asl #22
 291 014c 222BA0E1 		mov	r2, r2, lsr #22
 292              	.LVL13:
 155:main1.c       **** 
 156:main1.c       **** 	switch(irq_num)
 293              		.loc 1 156 0
 294 0150 390052E3 		cmp	r2, #57
 295 0154 1900001A 		bne	.L17
 157:main1.c       **** 	{
 158:main1.c       **** 	    case 57:
 159:main1.c       **** 	     if(flag == 0)
 296              		.loc 1 159 0
 297 0158 80309FE5 		ldr	r3, .L21+4
ARM GAS  C:\Users\ADMINI~1.MIC\AppData\Local\Temp\ccNhmd0o.s 			page 9


 298 015c 003093E5 		ldr	r3, [r3, #0]
 299 0160 000053E3 		cmp	r3, #0
 300 0164 0700001A 		bne	.L19
 160:main1.c       **** 			 {
 161:main1.c       **** 		       //按下---亮
 162:main1.c       **** 			     temp = REG_READ(GPX2DAT); 
 301              		.loc 1 162 0
 302 0168 1134A0E3 		mov	r3, #285212672
 303 016c 441C93E5 		ldr	r1, [r3, #3140]
 304              	.LVL14:
 163:main1.c       **** 			     temp = (~(0x1<<7))&temp;
 164:main1.c       **** 			     temp = (0x1 << 7)|temp;
 305              		.loc 1 164 0
 306 0170 801081E3 		orr	r1, r1, #128
 307              	.LVL15:
 165:main1.c       **** 			     REG_WRITE(GPX2DAT,temp);
 308              		.loc 1 165 0
 309 0174 441C83E5 		str	r1, [r3, #3140]
 166:main1.c       **** 				 flag = 1;
 310              		.loc 1 166 0
 311 0178 0110A0E3 		mov	r1, #1
 312              	.LVL16:
 313 017c 5C309FE5 		ldr	r3, .L21+4
 314              	.LVL17:
 315 0180 001083E5 		str	r1, [r3, #0]
 316 0184 050000EA 		b	.L20
 317              	.LVL18:
 318              	.L19:
 167:main1.c       **** 			 } else 
 168:main1.c       **** 			 {
 169:main1.c       **** 			       //不按---灭 
 170:main1.c       **** 			     REG_READ(GPX2DAT); 
 319              		.loc 1 170 0
 320 0188 1114A0E3 		mov	r1, #285212672
 321 018c 443C91E5 		ldr	r3, [r1, #3140]
 171:main1.c       **** 				   temp = (~(0x1<<7))&temp;
 172:main1.c       **** 				   temp = (0x0 << 7)|temp;
 173:main1.c       **** 				   REG_WRITE(GPX2DAT,temp);
 322              		.loc 1 173 0
 323 0190 0030A0E3 		mov	r3, #0
 324 0194 443C81E5 		str	r3, [r1, #3140]
 174:main1.c       **** 				   flag = 0;
 325              		.loc 1 174 0
 326 0198 40109FE5 		ldr	r1, .L21+4
 327 019c 003081E5 		str	r3, [r1, #0]
 328              	.LVL19:
 329              	.L20:
 175:main1.c       **** 		     }
 176:main1.c       **** 			     //清除中断
 177:main1.c       **** 			     REG_WRITE(EXT_INT41_PEND,(REG_READ( EXT_INT41_PEND)&(~(0x1<<1))) | (0x1<<1));
 330              		.loc 1 177 0
 331 01a0 1134A0E3 		mov	r3, #285212672
 332 01a4 441F93E5 		ldr	r1, [r3, #3908]
 333 01a8 021081E3 		orr	r1, r1, #2
 334 01ac 441F83E5 		str	r1, [r3, #3908]
 178:main1.c       **** 		       REG_WRITE(ICDICPR1_CPU0 ,(REG_READ(ICDICPR1_CPU0)&(~(0x1<<25)))  | (0x1<<25));
 335              		.loc 1 178 0
ARM GAS  C:\Users\ADMINI~1.MIC\AppData\Local\Temp\ccNhmd0o.s 			page 10


 336 01b0 B73843E2 		sub	r3, r3, #11993088
 337 01b4 841293E5 		ldr	r1, [r3, #644]
 338 01b8 021481E3 		orr	r1, r1, #33554432
 339 01bc 841283E5 		str	r1, [r3, #644]
 340              	.L17:
 179:main1.c       **** 			 break;
 180:main1.c       **** 
 181:main1.c       **** 		default:
 182:main1.c       **** 		     break;
 183:main1.c       **** 	}
 184:main1.c       **** 	REG_WRITE(ICCEOIR,(REG_READ(ICCEOIR) & (~(0x3ff)) | irq_num ));	
 341              		.loc 1 184 0
 342 01c0 14309FE5 		ldr	r3, .L21
 343 01c4 101093E5 		ldr	r1, [r3, #16]
 344 01c8 FF1FC1E3 		bic	r1, r1, #1020
 345 01cc 0310C1E3 		bic	r1, r1, #3
 346 01d0 012082E1 		orr	r2, r2, r1
 347              	.LVL20:
 348 01d4 102083E5 		str	r2, [r3, #16]
 185:main1.c       **** 	//清除结束中断信号
 186:main1.c       ****   //REG_WRITE(ICCEOIR,REG_READ(ICCIAR_CPU0) | irq_num);
 187:main1.c       **** }...
 349              		.loc 1 187 0
 350 01d8 1EFF2FE1 		bx	lr
 351              	.L22:
 352              		.align	2
 353              	.L21:
 354 01dc 00004810 		.word	273154048
 355 01e0 00000000 		.word	.LANCHOR0
 356              		.cfi_endproc
 357              	.LFE8:
 358              		.size	do_irq, .-do_irq
 359              		.global	flag
 360              		.bss
 361              		.align	2
 362              		.set	.LANCHOR0,. + 0
 363              		.type	flag, %object
 364              		.size	flag, 4
 365              	flag:
 366 0000 00000000 		.space	4
 367              		.text
 368              	.Letext0:
 369              		.section	.debug_info,"",%progbits
 370              	.Ldebug_info0:
 371 0000 99010000 		.4byte	0x199
 372 0004 0200     		.2byte	0x2
 373 0006 00000000 		.4byte	.Ldebug_abbrev0
 374 000a 04       		.byte	0x4
 375 000b 01       		.uleb128 0x1
 376 000c 89000000 		.4byte	.LASF11
 377 0010 01       		.byte	0x1
 378 0011 62000000 		.4byte	.LASF12
 379 0015 1D000000 		.4byte	.LASF13
 380 0019 00000000 		.4byte	.Ltext0
 381 001d E4010000 		.4byte	.Letext0
 382 0021 00000000 		.4byte	.Ldebug_line0
 383 0025 02       		.uleb128 0x2
ARM GAS  C:\Users\ADMINI~1.MIC\AppData\Local\Temp\ccNhmd0o.s 			page 11


 384 0026 01       		.byte	0x1
 385 0027 14000000 		.4byte	.LASF0
 386 002b 01       		.byte	0x1
 387 002c 2C       		.byte	0x2c
 388 002d 00000000 		.4byte	.LFB0
 389 0031 18000000 		.4byte	.LFE0
 390 0035 02       		.byte	0x2
 391 0036 7D       		.byte	0x7d
 392 0037 00       		.sleb128 0
 393 0038 4A000000 		.4byte	0x4a
 394 003c 03       		.uleb128 0x3
 395 003d 9A000000 		.4byte	.LASF2
 396 0041 01       		.byte	0x1
 397 0042 2E       		.byte	0x2e
 398 0043 4A000000 		.4byte	0x4a
 399 0047 01       		.byte	0x1
 400 0048 52       		.byte	0x52
 401 0049 00       		.byte	0
 402 004a 04       		.uleb128 0x4
 403 004b 04       		.byte	0x4
 404 004c 07       		.byte	0x7
 405 004d 00000000 		.4byte	.LASF5
 406 0051 02       		.uleb128 0x2
 407 0052 01       		.byte	0x1
 408 0053 BD000000 		.4byte	.LASF1
 409 0057 01       		.byte	0x1
 410 0058 35       		.byte	0x35
 411 0059 18000000 		.4byte	.LFB1
 412 005d 2C000000 		.4byte	.LFE1
 413 0061 02       		.byte	0x2
 414 0062 7D       		.byte	0x7d
 415 0063 00       		.sleb128 0
 416 0064 78000000 		.4byte	0x78
 417 0068 05       		.uleb128 0x5
 418 0069 9A000000 		.4byte	.LASF2
 419 006d 01       		.byte	0x1
 420 006e 37       		.byte	0x37
 421 006f 4A000000 		.4byte	0x4a
 422 0073 00000000 		.4byte	.LLST0
 423 0077 00       		.byte	0
 424 0078 02       		.uleb128 0x2
 425 0079 01       		.byte	0x1
 426 007a 9F000000 		.4byte	.LASF3
 427 007e 01       		.byte	0x1
 428 007f 3D       		.byte	0x3d
 429 0080 2C000000 		.4byte	.LFB2
 430 0084 40000000 		.4byte	.LFE2
 431 0088 02       		.byte	0x2
 432 0089 7D       		.byte	0x7d
 433 008a 00       		.sleb128 0
 434 008b 9D000000 		.4byte	0x9d
 435 008f 03       		.uleb128 0x3
 436 0090 9A000000 		.4byte	.LASF2
 437 0094 01       		.byte	0x1
 438 0095 3F       		.byte	0x3f
 439 0096 4A000000 		.4byte	0x4a
 440 009a 01       		.byte	0x1
ARM GAS  C:\Users\ADMINI~1.MIC\AppData\Local\Temp\ccNhmd0o.s 			page 12


 441 009b 52       		.byte	0x52
 442 009c 00       		.byte	0
 443 009d 02       		.uleb128 0x2
 444 009e 01       		.byte	0x1
 445 009f B4000000 		.4byte	.LASF4
 446 00a3 01       		.byte	0x1
 447 00a4 45       		.byte	0x45
 448 00a5 40000000 		.4byte	.LFB3
 449 00a9 54000000 		.4byte	.LFE3
 450 00ad 02       		.byte	0x2
 451 00ae 7D       		.byte	0x7d
 452 00af 00       		.sleb128 0
 453 00b0 C2000000 		.4byte	0xc2
 454 00b4 03       		.uleb128 0x3
 455 00b5 9A000000 		.4byte	.LASF2
 456 00b9 01       		.byte	0x1
 457 00ba 47       		.byte	0x47
 458 00bb 4A000000 		.4byte	0x4a
 459 00bf 01       		.byte	0x1
 460 00c0 52       		.byte	0x52
 461 00c1 00       		.byte	0
 462 00c2 06       		.uleb128 0x6
 463 00c3 01       		.byte	0x1
 464 00c4 6A000000 		.4byte	.LASF6
 465 00c8 01       		.byte	0x1
 466 00c9 4D       		.byte	0x4d
 467 00ca EB000000 		.4byte	0xeb
 468 00ce 54000000 		.4byte	.LFB4
 469 00d2 6C000000 		.4byte	.LFE4
 470 00d6 02       		.byte	0x2
 471 00d7 7D       		.byte	0x7d
 472 00d8 00       		.sleb128 0
 473 00d9 EB000000 		.4byte	0xeb
 474 00dd 07       		.uleb128 0x7
 475 00de 72657400 		.ascii	"ret\000"
 476 00e2 01       		.byte	0x1
 477 00e3 4F       		.byte	0x4f
 478 00e4 EB000000 		.4byte	0xeb
 479 00e8 01       		.byte	0x1
 480 00e9 53       		.byte	0x53
 481 00ea 00       		.byte	0
 482 00eb 08       		.uleb128 0x8
 483 00ec 04       		.byte	0x4
 484 00ed 05       		.byte	0x5
 485 00ee 696E7400 		.ascii	"int\000"
 486 00f2 06       		.uleb128 0x6
 487 00f3 01       		.byte	0x1
 488 00f4 0D000000 		.4byte	.LASF7
 489 00f8 01       		.byte	0x1
 490 00f9 5C       		.byte	0x5c
 491 00fa EB000000 		.4byte	0xeb
 492 00fe 6C000000 		.4byte	.LFB5
 493 0102 84000000 		.4byte	.LFE5
 494 0106 02       		.byte	0x2
 495 0107 7D       		.byte	0x7d
 496 0108 00       		.sleb128 0
 497 0109 1B010000 		.4byte	0x11b
ARM GAS  C:\Users\ADMINI~1.MIC\AppData\Local\Temp\ccNhmd0o.s 			page 13


 498 010d 09       		.uleb128 0x9
 499 010e 7900     		.ascii	"y\000"
 500 0110 01       		.byte	0x1
 501 0111 5F       		.byte	0x5f
 502 0112 EB000000 		.4byte	0xeb
 503 0116 24000000 		.4byte	.LLST1
 504 011a 00       		.byte	0
 505 011b 0A       		.uleb128 0xa
 506 011c 01       		.byte	0x1
 507 011d 74000000 		.4byte	.LASF14
 508 0121 01       		.byte	0x1
 509 0122 65       		.byte	0x65
 510 0123 84000000 		.4byte	.LFB6
 511 0127 18010000 		.4byte	.LFE6
 512 012b 02       		.byte	0x2
 513 012c 7D       		.byte	0x7d
 514 012d 00       		.sleb128 0
 515 012e 0B       		.uleb128 0xb
 516 012f 01       		.byte	0x1
 517 0130 95000000 		.4byte	.LASF15
 518 0134 01       		.byte	0x1
 519 0135 7E       		.byte	0x7e
 520 0136 EB000000 		.4byte	0xeb
 521 013a 18010000 		.4byte	.LFB7
 522 013e 40010000 		.4byte	.LFE7
 523 0142 3C000000 		.4byte	.LLST2
 524 0146 0C       		.uleb128 0xc
 525 0147 01       		.byte	0x1
 526 0148 82000000 		.4byte	.LASF8
 527 014c 01       		.byte	0x1
 528 014d 96       		.byte	0x96
 529 014e 01       		.byte	0x1
 530 014f 40010000 		.4byte	.LFB8
 531 0153 E4010000 		.4byte	.LFE8
 532 0157 02       		.byte	0x2
 533 0158 7D       		.byte	0x7d
 534 0159 00       		.sleb128 0
 535 015a 7D010000 		.4byte	0x17d
 536 015e 05       		.uleb128 0x5
 537 015f 9A000000 		.4byte	.LASF2
 538 0163 01       		.byte	0x1
 539 0164 99       		.byte	0x99
 540 0165 4A000000 		.4byte	0x4a
 541 0169 68000000 		.4byte	.LLST3
 542 016d 05       		.uleb128 0x5
 543 016e AC000000 		.4byte	.LASF9
 544 0172 01       		.byte	0x1
 545 0173 9A       		.byte	0x9a
 546 0174 EB000000 		.4byte	0xeb
 547 0178 C0000000 		.4byte	.LLST4
 548 017c 00       		.byte	0
 549 017d 0D       		.uleb128 0xd
 550 017e A7000000 		.4byte	.LASF10
 551 0182 01       		.byte	0x1
 552 0183 28       		.byte	0x28
 553 0184 EB000000 		.4byte	0xeb
 554 0188 01       		.byte	0x1
ARM GAS  C:\Users\ADMINI~1.MIC\AppData\Local\Temp\ccNhmd0o.s 			page 14


 555 0189 01       		.byte	0x1
 556 018a 0E       		.uleb128 0xe
 557 018b A7000000 		.4byte	.LASF10
 558 018f 01       		.byte	0x1
 559 0190 28       		.byte	0x28
 560 0191 EB000000 		.4byte	0xeb
 561 0195 01       		.byte	0x1
 562 0196 05       		.byte	0x5
 563 0197 03       		.byte	0x3
 564 0198 00000000 		.4byte	flag
 565 019c 00       		.byte	0
 566              		.section	.debug_abbrev,"",%progbits
 567              	.Ldebug_abbrev0:
 568 0000 01       		.uleb128 0x1
 569 0001 11       		.uleb128 0x11
 570 0002 01       		.byte	0x1
 571 0003 25       		.uleb128 0x25
 572 0004 0E       		.uleb128 0xe
 573 0005 13       		.uleb128 0x13
 574 0006 0B       		.uleb128 0xb
 575 0007 03       		.uleb128 0x3
 576 0008 0E       		.uleb128 0xe
 577 0009 1B       		.uleb128 0x1b
 578 000a 0E       		.uleb128 0xe
 579 000b 11       		.uleb128 0x11
 580 000c 01       		.uleb128 0x1
 581 000d 12       		.uleb128 0x12
 582 000e 01       		.uleb128 0x1
 583 000f 10       		.uleb128 0x10
 584 0010 06       		.uleb128 0x6
 585 0011 00       		.byte	0
 586 0012 00       		.byte	0
 587 0013 02       		.uleb128 0x2
 588 0014 2E       		.uleb128 0x2e
 589 0015 01       		.byte	0x1
 590 0016 3F       		.uleb128 0x3f
 591 0017 0C       		.uleb128 0xc
 592 0018 03       		.uleb128 0x3
 593 0019 0E       		.uleb128 0xe
 594 001a 3A       		.uleb128 0x3a
 595 001b 0B       		.uleb128 0xb
 596 001c 3B       		.uleb128 0x3b
 597 001d 0B       		.uleb128 0xb
 598 001e 11       		.uleb128 0x11
 599 001f 01       		.uleb128 0x1
 600 0020 12       		.uleb128 0x12
 601 0021 01       		.uleb128 0x1
 602 0022 40       		.uleb128 0x40
 603 0023 0A       		.uleb128 0xa
 604 0024 01       		.uleb128 0x1
 605 0025 13       		.uleb128 0x13
 606 0026 00       		.byte	0
 607 0027 00       		.byte	0
 608 0028 03       		.uleb128 0x3
 609 0029 34       		.uleb128 0x34
 610 002a 00       		.byte	0
 611 002b 03       		.uleb128 0x3
ARM GAS  C:\Users\ADMINI~1.MIC\AppData\Local\Temp\ccNhmd0o.s 			page 15


 612 002c 0E       		.uleb128 0xe
 613 002d 3A       		.uleb128 0x3a
 614 002e 0B       		.uleb128 0xb
 615 002f 3B       		.uleb128 0x3b
 616 0030 0B       		.uleb128 0xb
 617 0031 49       		.uleb128 0x49
 618 0032 13       		.uleb128 0x13
 619 0033 02       		.uleb128 0x2
 620 0034 0A       		.uleb128 0xa
 621 0035 00       		.byte	0
 622 0036 00       		.byte	0
 623 0037 04       		.uleb128 0x4
 624 0038 24       		.uleb128 0x24
 625 0039 00       		.byte	0
 626 003a 0B       		.uleb128 0xb
 627 003b 0B       		.uleb128 0xb
 628 003c 3E       		.uleb128 0x3e
 629 003d 0B       		.uleb128 0xb
 630 003e 03       		.uleb128 0x3
 631 003f 0E       		.uleb128 0xe
 632 0040 00       		.byte	0
 633 0041 00       		.byte	0
 634 0042 05       		.uleb128 0x5
 635 0043 34       		.uleb128 0x34
 636 0044 00       		.byte	0
 637 0045 03       		.uleb128 0x3
 638 0046 0E       		.uleb128 0xe
 639 0047 3A       		.uleb128 0x3a
 640 0048 0B       		.uleb128 0xb
 641 0049 3B       		.uleb128 0x3b
 642 004a 0B       		.uleb128 0xb
 643 004b 49       		.uleb128 0x49
 644 004c 13       		.uleb128 0x13
 645 004d 02       		.uleb128 0x2
 646 004e 06       		.uleb128 0x6
 647 004f 00       		.byte	0
 648 0050 00       		.byte	0
 649 0051 06       		.uleb128 0x6
 650 0052 2E       		.uleb128 0x2e
 651 0053 01       		.byte	0x1
 652 0054 3F       		.uleb128 0x3f
 653 0055 0C       		.uleb128 0xc
 654 0056 03       		.uleb128 0x3
 655 0057 0E       		.uleb128 0xe
 656 0058 3A       		.uleb128 0x3a
 657 0059 0B       		.uleb128 0xb
 658 005a 3B       		.uleb128 0x3b
 659 005b 0B       		.uleb128 0xb
 660 005c 49       		.uleb128 0x49
 661 005d 13       		.uleb128 0x13
 662 005e 11       		.uleb128 0x11
 663 005f 01       		.uleb128 0x1
 664 0060 12       		.uleb128 0x12
 665 0061 01       		.uleb128 0x1
 666 0062 40       		.uleb128 0x40
 667 0063 0A       		.uleb128 0xa
 668 0064 01       		.uleb128 0x1
ARM GAS  C:\Users\ADMINI~1.MIC\AppData\Local\Temp\ccNhmd0o.s 			page 16


 669 0065 13       		.uleb128 0x13
 670 0066 00       		.byte	0
 671 0067 00       		.byte	0
 672 0068 07       		.uleb128 0x7
 673 0069 34       		.uleb128 0x34
 674 006a 00       		.byte	0
 675 006b 03       		.uleb128 0x3
 676 006c 08       		.uleb128 0x8
 677 006d 3A       		.uleb128 0x3a
 678 006e 0B       		.uleb128 0xb
 679 006f 3B       		.uleb128 0x3b
 680 0070 0B       		.uleb128 0xb
 681 0071 49       		.uleb128 0x49
 682 0072 13       		.uleb128 0x13
 683 0073 02       		.uleb128 0x2
 684 0074 0A       		.uleb128 0xa
 685 0075 00       		.byte	0
 686 0076 00       		.byte	0
 687 0077 08       		.uleb128 0x8
 688 0078 24       		.uleb128 0x24
 689 0079 00       		.byte	0
 690 007a 0B       		.uleb128 0xb
 691 007b 0B       		.uleb128 0xb
 692 007c 3E       		.uleb128 0x3e
 693 007d 0B       		.uleb128 0xb
 694 007e 03       		.uleb128 0x3
 695 007f 08       		.uleb128 0x8
 696 0080 00       		.byte	0
 697 0081 00       		.byte	0
 698 0082 09       		.uleb128 0x9
 699 0083 34       		.uleb128 0x34
 700 0084 00       		.byte	0
 701 0085 03       		.uleb128 0x3
 702 0086 08       		.uleb128 0x8
 703 0087 3A       		.uleb128 0x3a
 704 0088 0B       		.uleb128 0xb
 705 0089 3B       		.uleb128 0x3b
 706 008a 0B       		.uleb128 0xb
 707 008b 49       		.uleb128 0x49
 708 008c 13       		.uleb128 0x13
 709 008d 02       		.uleb128 0x2
 710 008e 06       		.uleb128 0x6
 711 008f 00       		.byte	0
 712 0090 00       		.byte	0
 713 0091 0A       		.uleb128 0xa
 714 0092 2E       		.uleb128 0x2e
 715 0093 00       		.byte	0
 716 0094 3F       		.uleb128 0x3f
 717 0095 0C       		.uleb128 0xc
 718 0096 03       		.uleb128 0x3
 719 0097 0E       		.uleb128 0xe
 720 0098 3A       		.uleb128 0x3a
 721 0099 0B       		.uleb128 0xb
 722 009a 3B       		.uleb128 0x3b
 723 009b 0B       		.uleb128 0xb
 724 009c 11       		.uleb128 0x11
 725 009d 01       		.uleb128 0x1
ARM GAS  C:\Users\ADMINI~1.MIC\AppData\Local\Temp\ccNhmd0o.s 			page 17


 726 009e 12       		.uleb128 0x12
 727 009f 01       		.uleb128 0x1
 728 00a0 40       		.uleb128 0x40
 729 00a1 0A       		.uleb128 0xa
 730 00a2 00       		.byte	0
 731 00a3 00       		.byte	0
 732 00a4 0B       		.uleb128 0xb
 733 00a5 2E       		.uleb128 0x2e
 734 00a6 00       		.byte	0
 735 00a7 3F       		.uleb128 0x3f
 736 00a8 0C       		.uleb128 0xc
 737 00a9 03       		.uleb128 0x3
 738 00aa 0E       		.uleb128 0xe
 739 00ab 3A       		.uleb128 0x3a
 740 00ac 0B       		.uleb128 0xb
 741 00ad 3B       		.uleb128 0x3b
 742 00ae 0B       		.uleb128 0xb
 743 00af 49       		.uleb128 0x49
 744 00b0 13       		.uleb128 0x13
 745 00b1 11       		.uleb128 0x11
 746 00b2 01       		.uleb128 0x1
 747 00b3 12       		.uleb128 0x12
 748 00b4 01       		.uleb128 0x1
 749 00b5 40       		.uleb128 0x40
 750 00b6 06       		.uleb128 0x6
 751 00b7 00       		.byte	0
 752 00b8 00       		.byte	0
 753 00b9 0C       		.uleb128 0xc
 754 00ba 2E       		.uleb128 0x2e
 755 00bb 01       		.byte	0x1
 756 00bc 3F       		.uleb128 0x3f
 757 00bd 0C       		.uleb128 0xc
 758 00be 03       		.uleb128 0x3
 759 00bf 0E       		.uleb128 0xe
 760 00c0 3A       		.uleb128 0x3a
 761 00c1 0B       		.uleb128 0xb
 762 00c2 3B       		.uleb128 0x3b
 763 00c3 0B       		.uleb128 0xb
 764 00c4 27       		.uleb128 0x27
 765 00c5 0C       		.uleb128 0xc
 766 00c6 11       		.uleb128 0x11
 767 00c7 01       		.uleb128 0x1
 768 00c8 12       		.uleb128 0x12
 769 00c9 01       		.uleb128 0x1
 770 00ca 40       		.uleb128 0x40
 771 00cb 0A       		.uleb128 0xa
 772 00cc 01       		.uleb128 0x1
 773 00cd 13       		.uleb128 0x13
 774 00ce 00       		.byte	0
 775 00cf 00       		.byte	0
 776 00d0 0D       		.uleb128 0xd
 777 00d1 34       		.uleb128 0x34
 778 00d2 00       		.byte	0
 779 00d3 03       		.uleb128 0x3
 780 00d4 0E       		.uleb128 0xe
 781 00d5 3A       		.uleb128 0x3a
 782 00d6 0B       		.uleb128 0xb
ARM GAS  C:\Users\ADMINI~1.MIC\AppData\Local\Temp\ccNhmd0o.s 			page 18


 783 00d7 3B       		.uleb128 0x3b
 784 00d8 0B       		.uleb128 0xb
 785 00d9 49       		.uleb128 0x49
 786 00da 13       		.uleb128 0x13
 787 00db 3F       		.uleb128 0x3f
 788 00dc 0C       		.uleb128 0xc
 789 00dd 3C       		.uleb128 0x3c
 790 00de 0C       		.uleb128 0xc
 791 00df 00       		.byte	0
 792 00e0 00       		.byte	0
 793 00e1 0E       		.uleb128 0xe
 794 00e2 34       		.uleb128 0x34
 795 00e3 00       		.byte	0
 796 00e4 03       		.uleb128 0x3
 797 00e5 0E       		.uleb128 0xe
 798 00e6 3A       		.uleb128 0x3a
 799 00e7 0B       		.uleb128 0xb
 800 00e8 3B       		.uleb128 0x3b
 801 00e9 0B       		.uleb128 0xb
 802 00ea 49       		.uleb128 0x49
 803 00eb 13       		.uleb128 0x13
 804 00ec 3F       		.uleb128 0x3f
 805 00ed 0C       		.uleb128 0xc
 806 00ee 02       		.uleb128 0x2
 807 00ef 0A       		.uleb128 0xa
 808 00f0 00       		.byte	0
 809 00f1 00       		.byte	0
 810 00f2 00       		.byte	0
 811              		.section	.debug_loc,"",%progbits
 812              	.Ldebug_loc0:
 813              	.LLST0:
 814 0000 20000000 		.4byte	.LVL3-.Ltext0
 815 0004 24000000 		.4byte	.LVL4-.Ltext0
 816 0008 0700     		.2byte	0x7
 817 000a 72       		.byte	0x72
 818 000b 00       		.sleb128 0
 819 000c 0B       		.byte	0xb
 820 000d 7FFF     		.2byte	0xff7f
 821 000f 1A       		.byte	0x1a
 822 0010 9F       		.byte	0x9f
 823 0011 24000000 		.4byte	.LVL4-.Ltext0
 824 0015 2C000000 		.4byte	.LFE1-.Ltext0
 825 0019 0100     		.2byte	0x1
 826 001b 52       		.byte	0x52
 827 001c 00000000 		.4byte	0
 828 0020 00000000 		.4byte	0
 829              	.LLST1:
 830 0024 6C000000 		.4byte	.LVL10-.Ltext0
 831 0028 70000000 		.4byte	.LVL11-.Ltext0
 832 002c 0600     		.2byte	0x6
 833 002e 0C       		.byte	0xc
 834 002f 80969800 		.4byte	0x989680
 835 0033 9F       		.byte	0x9f
 836 0034 00000000 		.4byte	0
 837 0038 00000000 		.4byte	0
 838              	.LLST2:
 839 003c 18010000 		.4byte	.LFB7-.Ltext0
ARM GAS  C:\Users\ADMINI~1.MIC\AppData\Local\Temp\ccNhmd0o.s 			page 19


 840 0040 1C010000 		.4byte	.LCFI0-.Ltext0
 841 0044 0200     		.2byte	0x2
 842 0046 7D       		.byte	0x7d
 843 0047 00       		.sleb128 0
 844 0048 1C010000 		.4byte	.LCFI0-.Ltext0
 845 004c 24010000 		.4byte	.LCFI1-.Ltext0
 846 0050 0200     		.2byte	0x2
 847 0052 7C       		.byte	0x7c
 848 0053 00       		.sleb128 0
 849 0054 24010000 		.4byte	.LCFI1-.Ltext0
 850 0058 40010000 		.4byte	.LFE7-.Ltext0
 851 005c 0200     		.2byte	0x2
 852 005e 7B       		.byte	0x7b
 853 005f 04       		.sleb128 4
 854 0060 00000000 		.4byte	0
 855 0064 00000000 		.4byte	0
 856              	.LLST3:
 857 0068 40010000 		.4byte	.LVL12-.Ltext0
 858 006c 70010000 		.4byte	.LVL14-.Ltext0
 859 0070 0200     		.2byte	0x2
 860 0072 30       		.byte	0x30
 861 0073 9F       		.byte	0x9f
 862 0074 70010000 		.4byte	.LVL14-.Ltext0
 863 0078 74010000 		.4byte	.LVL15-.Ltext0
 864 007c 0700     		.2byte	0x7
 865 007e 71       		.byte	0x71
 866 007f 00       		.sleb128 0
 867 0080 0B       		.byte	0xb
 868 0081 7FFF     		.2byte	0xff7f
 869 0083 1A       		.byte	0x1a
 870 0084 9F       		.byte	0x9f
 871 0085 74010000 		.4byte	.LVL15-.Ltext0
 872 0089 7C010000 		.4byte	.LVL16-.Ltext0
 873 008d 0100     		.2byte	0x1
 874 008f 51       		.byte	0x51
 875 0090 7C010000 		.4byte	.LVL16-.Ltext0
 876 0094 80010000 		.4byte	.LVL17-.Ltext0
 877 0098 0300     		.2byte	0x3
 878 009a 73       		.byte	0x73
 879 009b C418     		.sleb128 3140
 880 009d 80010000 		.4byte	.LVL17-.Ltext0
 881 00a1 88010000 		.4byte	.LVL18-.Ltext0
 882 00a5 0500     		.2byte	0x5
 883 00a7 0C       		.byte	0xc
 884 00a8 440C0011 		.4byte	0x11000c44
 885 00ac 88010000 		.4byte	.LVL18-.Ltext0
 886 00b0 A0010000 		.4byte	.LVL19-.Ltext0
 887 00b4 0200     		.2byte	0x2
 888 00b6 30       		.byte	0x30
 889 00b7 9F       		.byte	0x9f
 890 00b8 00000000 		.4byte	0
 891 00bc 00000000 		.4byte	0
 892              	.LLST4:
 893 00c0 50010000 		.4byte	.LVL13-.Ltext0
 894 00c4 D4010000 		.4byte	.LVL20-.Ltext0
 895 00c8 0100     		.2byte	0x1
 896 00ca 52       		.byte	0x52
ARM GAS  C:\Users\ADMINI~1.MIC\AppData\Local\Temp\ccNhmd0o.s 			page 20


 897 00cb 00000000 		.4byte	0
 898 00cf 00000000 		.4byte	0
 899              		.section	.debug_aranges,"",%progbits
 900 0000 1C000000 		.4byte	0x1c
 901 0004 0200     		.2byte	0x2
 902 0006 00000000 		.4byte	.Ldebug_info0
 903 000a 04       		.byte	0x4
 904 000b 00       		.byte	0
 905 000c 0000     		.2byte	0
 906 000e 0000     		.2byte	0
 907 0010 00000000 		.4byte	.Ltext0
 908 0014 E4010000 		.4byte	.Letext0-.Ltext0
 909 0018 00000000 		.4byte	0
 910 001c 00000000 		.4byte	0
 911              		.section	.debug_line,"",%progbits
 912              	.Ldebug_line0:
 913 0000 7F000000 		.section	.debug_str,"MS",%progbits,1
 913      02001E00 
 913      00000201 
 913      FB0E0D00 
 913      01010101 
 914              	.LASF5:
 915 0000 756E7369 		.ascii	"unsigned int\000"
 915      676E6564 
 915      20696E74 
 915      00
 916              	.LASF7:
 917 000d 64656C61 		.ascii	"delays\000"
 917      797300
 918              	.LASF0:
 919 0014 6C65645F 		.ascii	"led_init\000"
 919      696E6974 
 919      00
 920              	.LASF13:
 921 001d 473A5C57 		.ascii	"G:\\Win10SystemOptimization\\17021-ARM\\23-\323\262"
 921      696E3130 
 921      53797374 
 921      656D4F70 
 921      74696D69 
 922 0047 BCFEB2D9 		.ascii	"\274\376\262\331\327\367\\led-key-\326\320\266\317-"
 922      D7F75C6C 
 922      65642D6B 
 922      65792DD6 
 922      D0B6CF2D 
 923 005b CEDECFD6 		.ascii	"\316\336\317\326\317\363\000"
 923      CFF300
 924              	.LASF12:
 925 0062 6D61696E 		.ascii	"main1.c\000"
 925      312E6300 
 926              	.LASF6:
 927 006a 6B65795F 		.ascii	"key_check\000"
 927      63686563 
 927      6B00
 928              	.LASF14:
 929 0074 696E7465 		.ascii	"interupt_init\000"
 929      72757074 
 929      5F696E69 
ARM GAS  C:\Users\ADMINI~1.MIC\AppData\Local\Temp\ccNhmd0o.s 			page 21


 929      7400
 930              	.LASF8:
 931 0082 646F5F69 		.ascii	"do_irq\000"
 931      727100
 932              	.LASF11:
 933 0089 474E5520 		.ascii	"GNU C 4.6.2\000"
 933      4320342E 
 933      362E3200 
 934              	.LASF15:
 935 0095 6D61696E 		.ascii	"main\000"
 935      00
 936              	.LASF2:
 937 009a 74656D70 		.ascii	"temp\000"
 937      00
 938              	.LASF3:
 939 009f 6C65645F 		.ascii	"led_off\000"
 939      6F666600 
 940              	.LASF10:
 941 00a7 666C6167 		.ascii	"flag\000"
 941      00
 942              	.LASF9:
 943 00ac 6972715F 		.ascii	"irq_num\000"
 943      6E756D00 
 944              	.LASF4:
 945 00b4 6B65795F 		.ascii	"key_init\000"
 945      696E6974 
 945      00
 946              	.LASF1:
 947 00bd 6C65645F 		.ascii	"led_on\000"
 947      6F6E00
 948              		.ident	"GCC: (GNU) 4.6.2"
ARM GAS  C:\Users\ADMINI~1.MIC\AppData\Local\Temp\ccNhmd0o.s 			page 22


DEFINED SYMBOLS
                            *ABS*:00000000 main1.c
C:\Users\ADMINI~1.MIC\AppData\Local\Temp\ccNhmd0o.s:15     .text:00000000 $a
C:\Users\ADMINI~1.MIC\AppData\Local\Temp\ccNhmd0o.s:18     .text:00000000 led_init
C:\Users\ADMINI~1.MIC\AppData\Local\Temp\ccNhmd0o.s:47     .text:00000018 led_on
C:\Users\ADMINI~1.MIC\AppData\Local\Temp\ccNhmd0o.s:72     .text:0000002c led_off
C:\Users\ADMINI~1.MIC\AppData\Local\Temp\ccNhmd0o.s:97     .text:00000040 key_init
C:\Users\ADMINI~1.MIC\AppData\Local\Temp\ccNhmd0o.s:122    .text:00000054 key_check
C:\Users\ADMINI~1.MIC\AppData\Local\Temp\ccNhmd0o.s:146    .text:0000006c delays
C:\Users\ADMINI~1.MIC\AppData\Local\Temp\ccNhmd0o.s:168    .text:00000080 $d
C:\Users\ADMINI~1.MIC\AppData\Local\Temp\ccNhmd0o.s:172    .text:00000084 $a
C:\Users\ADMINI~1.MIC\AppData\Local\Temp\ccNhmd0o.s:175    .text:00000084 interupt_init
C:\Users\ADMINI~1.MIC\AppData\Local\Temp\ccNhmd0o.s:233    .text:00000114 $d
C:\Users\ADMINI~1.MIC\AppData\Local\Temp\ccNhmd0o.s:237    .text:00000118 $a
C:\Users\ADMINI~1.MIC\AppData\Local\Temp\ccNhmd0o.s:240    .text:00000118 main
C:\Users\ADMINI~1.MIC\AppData\Local\Temp\ccNhmd0o.s:278    .text:00000140 do_irq
C:\Users\ADMINI~1.MIC\AppData\Local\Temp\ccNhmd0o.s:354    .text:000001dc $d
C:\Users\ADMINI~1.MIC\AppData\Local\Temp\ccNhmd0o.s:365    .bss:00000000 flag
C:\Users\ADMINI~1.MIC\AppData\Local\Temp\ccNhmd0o.s:361    .bss:00000000 $d
                     .debug_frame:00000010 $d

NO UNDEFINED SYMBOLS
